[debug] [2022-01-19T03:08:30.987Z] ----------------------------------------------------------------------
[debug] [2022-01-19T03:08:31.017Z] Command:       C:\Program Files\nodejs\node.exe C:\Users\leo\AppData\Roaming\npm\node_modules\firebase-tools\lib\bin\firebase.js init
[debug] [2022-01-19T03:08:31.019Z] CLI Version:   10.1.0
[debug] [2022-01-19T03:08:31.019Z] Platform:      win32
[debug] [2022-01-19T03:08:31.020Z] Node Version:  v16.13.1
[debug] [2022-01-19T03:08:31.135Z] Time:          Tue Jan 18 2022 23:08:31 GMT-0400 (hora de Venezuela)
[debug] [2022-01-19T03:08:31.136Z] ----------------------------------------------------------------------
[debug] 
[debug] [2022-01-19T03:08:32.302Z] Object "" in "firebase.json" has unknown property: {"additionalProperty":"function"}
[debug] [2022-01-19T03:08:32.324Z] > command requires scopes: ["email","openid","https://www.googleapis.com/auth/cloudplatformprojects.readonly","https://www.googleapis.com/auth/firebase","https://www.googleapis.com/auth/cloud-platform"]
[debug] [2022-01-19T03:08:32.325Z] > authorizing via signed-in user (zerontecnologia1@gmail.com)
[debug] [2022-01-19T03:08:32.330Z] Object "" in "firebase.json" has unknown property: {"additionalProperty":"function"}
[info] 
     ######## #### ########  ######## ########     ###     ######  ########
     ##        ##  ##     ## ##       ##     ##  ##   ##  ##       ##
     ######    ##  ########  ######   ########  #########  ######  ######
     ##        ##  ##    ##  ##       ##     ## ##     ##       ## ##
     ##       #### ##     ## ######## ########  ##     ##  ######  ########

You're about to initialize a Firebase project in this directory:

  C:\Users\leo\Documents\MASTERJAVASCRIPT\project\portfolio_website-STARTER

Before we get started, keep in mind:

  * You are initializing within an existing Firebase project directory

[info] 
=== Project Setup
[info] 
[info] First, let's associate this project directory with a Firebase project.
[info] You can create multiple project aliases by running firebase use --add, 
[info] but for now we'll just set up a default project.
[info] 
[debug] [2022-01-19T03:09:55.888Z] Using project from CLI flag: leozeron-3f7ae
[debug] [2022-01-19T03:09:55.897Z] > refreshing access token with scopes: []
[debug] [2022-01-19T03:09:55.900Z] >>> HTTP REQUEST POST https://www.googleapis.com/oauth2/v3/token  
 <request body omitted>
[debug] [2022-01-19T03:09:56.361Z] <<< HTTP RESPONSE 200 {"date":"Thu, 20 Jan 2022 19:38:48 GMT","pragma":"no-cache","expires":"Mon, 01 Jan 1990 00:00:00 GMT","cache-control":"no-cache, no-store, max-age=0, must-revalidate","content-type":"application/json; charset=utf-8","vary":"X-Origin, Referer, Origin,Accept-Encoding","server":"scaffolding on HTTPServer2","x-xss-protection":"0","x-frame-options":"SAMEORIGIN","x-content-type-options":"nosniff","alt-svc":"h3=\":443\"; ma=2592000,h3-29=\":443\"; ma=2592000,h3-Q050=\":443\"; ma=2592000,h3-Q046=\":443\"; ma=2592000,h3-Q043=\":443\"; ma=2592000,quic=\":443\"; ma=2592000; v=\"46,43\"","accept-ranges":"none","transfer-encoding":"chunked"}
[debug] [2022-01-19T03:09:56.455Z] >>> [apiv2][query] GET https://firebase.googleapis.com/v1beta1/projects/leozeron-3f7ae [none]
[debug] [2022-01-19T03:09:57.028Z] <<< [apiv2][status] GET https://firebase.googleapis.com/v1beta1/projects/leozeron-3f7ae 200
[debug] [2022-01-19T03:09:57.028Z] <<< [apiv2][body] GET https://firebase.googleapis.com/v1beta1/projects/leozeron-3f7ae {"projectId":"leozeron-3f7ae","projectNumber":"615556149591","displayName":"leozeron","name":"projects/leozeron-3f7ae","resources":{"hostingSite":"leozeron-3f7ae","realtimeDatabaseInstance":"leozeron-3f7ae-default-rtdb"},"state":"ACTIVE"}
[info] i  Using project leozeron-3f7ae (leozeron) 
[info] 
=== Hosting Setup
[info] 
[info] Your public directory is the folder (relative to your project directory) that
[info] will contain Hosting assets to be uploaded with firebase deploy. If you
[info] have a build process for your assets, use your build's output directory.
[info] 
[debug] [2022-01-19T03:10:24.174Z] ----------------------------------------------------------------------
[debug] [2022-01-19T03:10:24.182Z] Command:       C:\Program Files\nodejs\node.exe C:\Users\leo\AppData\Roaming\npm\node_modules\firebase-tools\lib\bin\firebase.js init
[debug] [2022-01-19T03:10:24.184Z] CLI Version:   10.1.0
[debug] [2022-01-19T03:10:24.185Z] Platform:      win32
[debug] [2022-01-19T03:10:24.185Z] Node Version:  v16.13.1
[debug] [2022-01-19T03:10:24.190Z] Time:          Tue Jan 18 2022 23:10:24 GMT-0400 (hora de Venezuela)
[debug] [2022-01-19T03:10:24.191Z] ----------------------------------------------------------------------
[debug] 
[debug] [2022-01-19T03:10:24.428Z] Object "" in "firebase.json" has unknown property: {"additionalProperty":"function"}
[debug] [2022-01-19T03:10:24.450Z] > command requires scopes: ["email","openid","https://www.googleapis.com/auth/cloudplatformprojects.readonly","https://www.googleapis.com/auth/firebase","https://www.googleapis.com/auth/cloud-platform"]
[debug] [2022-01-19T03:10:24.451Z] > authorizing via signed-in user (zerontecnologia1@gmail.com)
[debug] [2022-01-19T03:10:24.456Z] Object "" in "firebase.json" has unknown property: {"additionalProperty":"function"}
[info] 
     ######## #### ########  ######## ########     ###     ######  ########
     ##        ##  ##     ## ##       ##     ##  ##   ##  ##       ##
     ######    ##  ########  ######   ########  #########  ######  ######
     ##        ##  ##    ##  ##       ##     ## ##     ##       ## ##
     ##       #### ##     ## ######## ########  ##     ##  ######  ########

You're about to initialize a Firebase project in this directory:

  C:\Users\leo\Documents\MASTERJAVASCRIPT\project\portfolio_website-STARTER

Before we get started, keep in mind:

  * You are initializing within an existing Firebase project directory

