[debug] [2022-01-16T04:54:53.148Z] ----------------------------------------------------------------------
[debug] [2022-01-16T04:54:53.153Z] Command:       C:\Program Files\nodejs\node.exe C:\Users\leo\AppData\Roaming\npm\node_modules\firebase-tools\lib\bin\firebase.js deploy
[debug] [2022-01-16T04:54:53.155Z] CLI Version:   10.1.0
[debug] [2022-01-16T04:54:53.155Z] Platform:      win32
[debug] [2022-01-16T04:54:53.155Z] Node Version:  v16.13.1
[debug] [2022-01-16T04:54:53.264Z] Time:          Sun Jan 16 2022 00:54:53 GMT-0400 (hora de Venezuela)
[debug] [2022-01-16T04:54:53.264Z] ----------------------------------------------------------------------
[debug] 
[debug] [2022-01-16T04:54:53.279Z] >>> [apiv2][query] GET https://firebase-public.firebaseio.com/cli.json [none]
[debug] [2022-01-16T04:54:53.541Z] Object "" in "firebase.json" has unknown property: {"additionalProperty":"function"}
[debug] [2022-01-16T04:54:53.568Z] > command requires scopes: ["email","openid","https://www.googleapis.com/auth/cloudplatformprojects.readonly","https://www.googleapis.com/auth/firebase","https://www.googleapis.com/auth/cloud-platform"]
[debug] [2022-01-16T04:54:53.571Z] > authorizing via signed-in user (zerontecnologia1@gmail.com)
[debug] [2022-01-16T04:54:53.572Z] [iam] checking project leozeron-3f7ae for permissions ["firebase.projects.get","firebasehosting.sites.update"]
[debug] [2022-01-16T04:54:53.602Z] > refreshing access token with scopes: ["email","https://www.googleapis.com/auth/cloud-platform","https://www.googleapis.com/auth/cloudplatformprojects.readonly","https://www.googleapis.com/auth/firebase","openid"]
[debug] [2022-01-16T04:54:53.603Z] >>> HTTP REQUEST POST https://www.googleapis.com/oauth2/v3/token  
 <request body omitted>
[debug] [2022-01-16T04:54:54.372Z] <<< HTTP RESPONSE 200 {"date":"Sun, 16 Jan 2022 04:24:53 GMT","cache-control":"no-cache, no-store, max-age=0, must-revalidate","pragma":"no-cache","expires":"Mon, 01 Jan 1990 00:00:00 GMT","content-type":"application/json; charset=utf-8","vary":"X-Origin, Referer, Origin,Accept-Encoding","server":"scaffolding on HTTPServer2","x-xss-protection":"0","x-frame-options":"SAMEORIGIN","x-content-type-options":"nosniff","alt-svc":"h3=\":443\"; ma=2592000,h3-29=\":443\"; ma=2592000,h3-Q050=\":443\"; ma=2592000,h3-Q046=\":443\"; ma=2592000,h3-Q043=\":443\"; ma=2592000,quic=\":443\"; ma=2592000; v=\"46,43\"","accept-ranges":"none","transfer-encoding":"chunked"}
[debug] [2022-01-16T04:54:54.521Z] >>> HTTP REQUEST POST https://cloudresourcemanager.googleapis.com/v1/projects/leozeron-3f7ae:testIamPermissions  
 {"permissions":["firebase.projects.get","firebasehosting.sites.update"]}
[debug] [2022-01-16T04:54:54.559Z] <<< [apiv2][status] GET https://firebase-public.firebaseio.com/cli.json 200
[debug] [2022-01-16T04:54:54.560Z] <<< [apiv2][body] GET https://firebase-public.firebaseio.com/cli.json {"cloudBuildErrorAfter":1594252800000,"cloudBuildWarnAfter":1590019200000,"defaultNode10After":1594252800000,"minVersion":"3.0.5","node8DeploysDisabledAfter":1613390400000,"node8RuntimeDisabledAfter":1615809600000,"node8WarnAfter":1600128000000}
[debug] [2022-01-16T04:54:55.379Z] <<< HTTP RESPONSE 200 {"content-type":"application/json; charset=UTF-8","vary":"X-Origin, Referer, Origin,Accept-Encoding","date":"Sun, 16 Jan 2022 04:24:54 GMT","server":"ESF","cache-control":"private","x-xss-protection":"0","x-frame-options":"SAMEORIGIN","x-content-type-options":"nosniff","server-timing":"gfet4t7; dur=104","alt-svc":"h3=\":443\"; ma=2592000,h3-29=\":443\"; ma=2592000,h3-Q050=\":443\"; ma=2592000,h3-Q046=\":443\"; ma=2592000,h3-Q043=\":443\"; ma=2592000,quic=\":443\"; ma=2592000; v=\"46,43\"","accept-ranges":"none","transfer-encoding":"chunked"}
[debug] [2022-01-16T04:54:55.383Z] > refreshing access token with scopes: []
[debug] [2022-01-16T04:54:55.383Z] >>> HTTP REQUEST POST https://www.googleapis.com/oauth2/v3/token  
 <request body omitted>
[debug] [2022-01-16T04:54:55.775Z] <<< HTTP RESPONSE 200 {"expires":"Mon, 01 Jan 1990 00:00:00 GMT","date":"Sun, 16 Jan 2022 04:24:55 GMT","cache-control":"no-cache, no-store, max-age=0, must-revalidate","pragma":"no-cache","content-type":"application/json; charset=utf-8","vary":"X-Origin, Referer, Origin,Accept-Encoding","server":"scaffolding on HTTPServer2","x-xss-protection":"0","x-frame-options":"SAMEORIGIN","x-content-type-options":"nosniff","alt-svc":"h3=\":443\"; ma=2592000,h3-29=\":443\"; ma=2592000,h3-Q050=\":443\"; ma=2592000,h3-Q046=\":443\"; ma=2592000,h3-Q043=\":443\"; ma=2592000,quic=\":443\"; ma=2592000; v=\"46,43\"","accept-ranges":"none","transfer-encoding":"chunked"}
[debug] [2022-01-16T04:54:55.873Z] >>> [apiv2][query] GET https://firebase.googleapis.com/v1beta1/projects/leozeron-3f7ae [none]
[debug] [2022-01-16T04:54:56.641Z] <<< [apiv2][status] GET https://firebase.googleapis.com/v1beta1/projects/leozeron-3f7ae 200
[debug] [2022-01-16T04:54:56.641Z] <<< [apiv2][body] GET https://firebase.googleapis.com/v1beta1/projects/leozeron-3f7ae {"projectId":"leozeron-3f7ae","projectNumber":"615556149591","displayName":"leozeron","name":"projects/leozeron-3f7ae","resources":{"hostingSite":"leozeron-3f7ae","realtimeDatabaseInstance":"leozeron-3f7ae-default-rtdb"},"state":"ACTIVE"}
[info] 
[info] === Deploying to 'leozeron-3f7ae'...
[info] 
[info] i  deploying hosting 
[debug] [2022-01-16T04:54:56.705Z] > refreshing access token with scopes: ["email","https://www.googleapis.com/auth/cloud-platform","https://www.googleapis.com/auth/cloudplatformprojects.readonly","https://www.googleapis.com/auth/firebase","openid"]
[debug] [2022-01-16T04:54:56.706Z] >>> HTTP REQUEST POST https://www.googleapis.com/oauth2/v3/token  
 <request body omitted>
[debug] [2022-01-16T04:54:57.135Z] <<< HTTP RESPONSE 200 {"cache-control":"no-cache, no-store, max-age=0, must-revalidate","date":"Sun, 16 Jan 2022 04:24:56 GMT","pragma":"no-cache","expires":"Mon, 01 Jan 1990 00:00:00 GMT","content-type":"application/json; charset=utf-8","vary":"X-Origin, Referer, Origin,Accept-Encoding","server":"scaffolding on HTTPServer2","x-xss-protection":"0","x-frame-options":"SAMEORIGIN","x-content-type-options":"nosniff","alt-svc":"h3=\":443\"; ma=2592000,h3-29=\":443\"; ma=2592000,h3-Q050=\":443\"; ma=2592000,h3-Q046=\":443\"; ma=2592000,h3-Q043=\":443\"; ma=2592000,quic=\":443\"; ma=2592000; v=\"46,43\"","accept-ranges":"none","transfer-encoding":"chunked"}
[debug] [2022-01-16T04:54:57.226Z] >>> HTTP REQUEST POST https://firebasehosting.googleapis.com/v1beta1/sites/leozeron-3f7ae/versions  
 {"config":{},"labels":{"deployment-tool":"cli-firebase"}}
[debug] [2022-01-16T04:54:58.595Z] <<< HTTP RESPONSE 200 {"content-type":"application/json; charset=UTF-8","vary":"X-Origin, Referer, Origin,Accept-Encoding","date":"Sun, 16 Jan 2022 04:24:58 GMT","server":"ESF","cache-control":"private","x-xss-protection":"0","x-frame-options":"SAMEORIGIN","x-content-type-options":"nosniff","alt-svc":"h3=\":443\"; ma=2592000,h3-29=\":443\"; ma=2592000,h3-Q050=\":443\"; ma=2592000,h3-Q046=\":443\"; ma=2592000,h3-Q043=\":443\"; ma=2592000,quic=\":443\"; ma=2592000; v=\"46,43\"","accept-ranges":"none","transfer-encoding":"chunked"}
[info] i  hosting[leozeron-3f7ae]: beginning deploy... 
[info] i  hosting[leozeron-3f7ae]: found 36 files in out 
[debug] [2022-01-16T04:54:59.293Z] > refreshing access token with scopes: []
[debug] [2022-01-16T04:54:59.293Z] >>> HTTP REQUEST POST https://www.googleapis.com/oauth2/v3/token  
 <request body omitted>
[debug] [2022-01-16T04:54:59.298Z] [hosting] hash cache [b3V0] stored for 36 files
[debug] [2022-01-16T04:54:59.299Z] [hosting][hash queue][FINAL] {"max":14,"min":2,"avg":2,"active":0,"complete":36,"success":36,"errored":0,"retried":0,"total":36,"elapsed":22}
[debug] [2022-01-16T04:54:59.690Z] <<< HTTP RESPONSE 200 {"cache-control":"no-cache, no-store, max-age=0, must-revalidate","date":"Sun, 16 Jan 2022 04:24:59 GMT","pragma":"no-cache","expires":"Mon, 01 Jan 1990 00:00:00 GMT","content-type":"application/json; charset=utf-8","vary":"X-Origin, Referer, Origin,Accept-Encoding","server":"scaffolding on HTTPServer2","x-xss-protection":"0","x-frame-options":"SAMEORIGIN","x-content-type-options":"nosniff","alt-svc":"h3=\":443\"; ma=2592000,h3-29=\":443\"; ma=2592000,h3-Q050=\":443\"; ma=2592000,h3-Q046=\":443\"; ma=2592000,h3-Q043=\":443\"; ma=2592000,quic=\":443\"; ma=2592000; v=\"46,43\"","accept-ranges":"none","transfer-encoding":"chunked"}
[debug] [2022-01-16T04:54:59.769Z] >>> [apiv2][query] POST https://firebasehosting.googleapis.com/v1beta1/sites/leozeron-3f7ae/versions/e98cf4af141792ad:populateFiles [none]
[debug] [2022-01-16T04:54:59.770Z] >>> [apiv2][body] POST https://firebasehosting.googleapis.com/v1beta1/sites/leozeron-3f7ae/versions/e98cf4af141792ad:populateFiles {"files":{"/404.html":"0eecae57a32757896798c594af32446193c2e0feea181f3d476e68a20fa95f36","/favicon.ico":"3c393767e00675f7ede4c45287495af8c1f1c113619a9f863a6c21eca0dd856d","/index.html":"d6d985cc116eb6d9a279563e2e36ae64efa69984a0223cc379122398c86e9e97","/vercel.svg":"addb1409a65d5b908722a90e27a4c53d11cfd5f15acb97fd24e7e6369c1485ae","/images/1.png":"dbff18030c3dcf0c8fab24bbde5dd95fa371f33a9c8518147bdf1471e2f97d00","/images/2.png":"0dff11ae65bb42b23532c60efc6e46a46d3957be0ffa8cceca5384ac9edcba49","/images/3.jpg":"30771246eba40f74e7eafb99d7a26654167ef1d221555bc3ea94573a985c2923","/images/4.jpg":"02d0cab085eb87cbf69df6e2ba3955355719eaaab7647375f8f36e5d6f38767e","/images/devsign.png":"dce216517f6c99b7da7ae0614395bff314c83245140272e0d21b2788a60ac1c4","/images/mercamovil.png":"201c6f871fb5953c07f9af88a514eb9f1172983ab94ea8a67513d1303a239dc5","/images/profile.jpeg":"83dd6c08570524ce5419a8cbeb885110d6871b485eff4bd2189e488552f7deee","/images/projects.jpeg":"cdd426a9858d6daad29f82791bc02b8557eb823ec2a09761e021b34234240717","/images/recipe.png":"4ba940887afe4cd1250719d1c08a757beaaeabce02175f47c43cd0a4cf82f08b","/images/VConstr.png":"abcdb89658d736217bb195d8f0f50551638ab7e71b003c316e91682943efda3c","/_next/static/99PkD_Y_e6nA9fcDSd9BL/_buildManifest.js":"0d2865a2c30970d103ed89384bd6ca2718c176d2bcef58247c60497b4c50d479","/_next/static/99PkD_Y_e6nA9fcDSd9BL/_ssgManifest.js":"f73bbe5888d285cbab0ee19990a0d9db0b352fa3dfd30959d64a2bc66422d35c","/_next/static/chunks/70b165ca-217e854f2f2e78aea494.js":"9272f03ed0db7255ff935241a5d5b039c068e211cbd4279057f2b61fca8416cd","/_next/static/chunks/95b64a6e-4837f896f516a58e8f77.js":"da3a9e3b9eeac1d652dad6967ad9acf957ace04ccf450adc43aa4066d4c2382f","/_next/static/chunks/amp.js":"590a3c393774423586b1c0fdfd62a7da24c49565f1c82c86fb4676794b19af1b","/_next/static/chunks/d7eeaac4-f0748a9815cd04a4b926.js":"7984aaf2ef09d3ce41bb256bc175e56acc506e8f27e04fb60627743e2a6c9ff7","/_next/static/chunks/framework-92300432a1172ef1338b.js":"ec8739e4b12137f0b00f946b7034cc7db05e845ccd9f166b527d0dd6e54f603e","/_next/static/chunks/main-71948af4b0f09c0fc30e.js":"89ea8457b372177a21fa255b93badb7ecc12b5b6d99442f7383b6901d257b495","/_next/static/chunks/main.js":"ec97d229664ba4a9110f65cdecf561a6ffb679b5258df47c6e2aae62d740f36d","/_next/static/chunks/node_modules_next_dist_client_dev_noop_js.js":"628e50aa82ed47eb14990b38d5b5ca651d574154fad50fc8c161e9f5efad57ea","/_next/static/chunks/polyfills-eef578260fd80f8fff94.js":"57f67b75c9b917d5a2d07b70672849fc5b8ad55a934b7a1c605507a0d7c505a8","/_next/static/chunks/polyfills.js":"62b67d8a207a03e10f6b5df3461d7382d906e482d08279bb0f802417395225bc","/_next/static/chunks/react-refresh.js":"c777475abe0f1a69b7e762c56fa0e6874a76ec7b4b8c191d140d105dbea6ee61","/_next/static/chunks/webpack-189c53927ffd3caf09c3.js":"5b86a7ea5636e04398bf3e62717f634ad3f0349e07623282b40fe976f1a7406a","/_next/static/chunks/webpack.js":"4e1fe585460359422af6557bdc38977438704859d5e5c9bd077660e92cad497e","/_next/static/chunks/pages/index-2f8f27ed7a351c336a2e.js":"c2e89803876a6b539d2fb0af37fc43ece250118b3994f53e83293ca64c451603","/_next/static/chunks/pages/_app-29b0067ad06b0c9892ce.js":"94b7b3cf8875e4490fb7d5e5b50e2c0ba1118d57fcf205c0a32c4ef7f235a60c","/_next/static/chunks/pages/_app.js":"f4497d397286f70037adda59a2d8524ccdeda61623fef6d363360bc713f93d06","/_next/static/chunks/pages/_error-b30902e13465df7c5366.js":"85547efb8e2e5b7943f2d02464910c0ff86fe7269de3495eb7549c7248bf6e10","/_next/static/chunks/pages/_error.js":"df8c2dd9aac999aeaaadc56ea198e4688f72a63d0dd61d8a8f4c1a4ca5559d8a","/_next/static/development/_buildManifest.js":"33d358f11e1ee15e5ac8e62422918bf17c5712ad7ec8e39e24133ee301412d13","/_next/static/development/_ssgManifest.js":"89d3d8d2aeba4bad62062a0262dfcde3942d6d97c4eeed5f60aefa7ac91b750a"}}
[debug] [2022-01-16T04:55:01.056Z] <<< [apiv2][status] POST https://firebasehosting.googleapis.com/v1beta1/sites/leozeron-3f7ae/versions/e98cf4af141792ad:populateFiles 200
[debug] [2022-01-16T04:55:01.057Z] <<< [apiv2][body] POST https://firebasehosting.googleapis.com/v1beta1/sites/leozeron-3f7ae/versions/e98cf4af141792ad:populateFiles {"uploadRequiredHashes":["cdd426a9858d6daad29f82791bc02b8557eb823ec2a09761e021b34234240717","dbff18030c3dcf0c8fab24bbde5dd95fa371f33a9c8518147bdf1471e2f97d00","4ba940887afe4cd1250719d1c08a757beaaeabce02175f47c43cd0a4cf82f08b","ec97d229664ba4a9110f65cdecf561a6ffb679b5258df47c6e2aae62d740f36d","0dff11ae65bb42b23532c60efc6e46a46d3957be0ffa8cceca5384ac9edcba49","201c6f871fb5953c07f9af88a514eb9f1172983ab94ea8a67513d1303a239dc5","dce216517f6c99b7da7ae0614395bff314c83245140272e0d21b2788a60ac1c4","abcdb89658d736217bb195d8f0f50551638ab7e71b003c316e91682943efda3c"],"uploadUrl":"https://upload-firebasehosting.googleapis.com/upload/sites/leozeron-3f7ae/versions/e98cf4af141792ad/files"}
[debug] [2022-01-16T04:55:01.069Z] >>> [apiv2][query] POST https://upload-firebasehosting.googleapis.com/upload/sites/leozeron-3f7ae/versions/e98cf4af141792ad/files/cdd426a9858d6daad29f82791bc02b8557eb823ec2a09761e021b34234240717 [none]
[debug] [2022-01-16T04:55:01.069Z] >>> [apiv2][body] POST https://upload-firebasehosting.googleapis.com/upload/sites/leozeron-3f7ae/versions/e98cf4af141792ad/files/cdd426a9858d6daad29f82791bc02b8557eb823ec2a09761e021b34234240717 [stream]
[debug] [2022-01-16T04:55:01.074Z] >>> [apiv2][query] POST https://upload-firebasehosting.googleapis.com/upload/sites/leozeron-3f7ae/versions/e98cf4af141792ad/files/dbff18030c3dcf0c8fab24bbde5dd95fa371f33a9c8518147bdf1471e2f97d00 [none]
[debug] [2022-01-16T04:55:01.074Z] >>> [apiv2][body] POST https://upload-firebasehosting.googleapis.com/upload/sites/leozeron-3f7ae/versions/e98cf4af141792ad/files/dbff18030c3dcf0c8fab24bbde5dd95fa371f33a9c8518147bdf1471e2f97d00 [stream]
[debug] [2022-01-16T04:55:01.078Z] >>> [apiv2][query] POST https://upload-firebasehosting.googleapis.com/upload/sites/leozeron-3f7ae/versions/e98cf4af141792ad/files/4ba940887afe4cd1250719d1c08a757beaaeabce02175f47c43cd0a4cf82f08b [none]
[debug] [2022-01-16T04:55:01.079Z] >>> [apiv2][body] POST https://upload-firebasehosting.googleapis.com/upload/sites/leozeron-3f7ae/versions/e98cf4af141792ad/files/4ba940887afe4cd1250719d1c08a757beaaeabce02175f47c43cd0a4cf82f08b [stream]
[debug] [2022-01-16T04:55:01.082Z] >>> [apiv2][query] POST https://upload-firebasehosting.googleapis.com/upload/sites/leozeron-3f7ae/versions/e98cf4af141792ad/files/ec97d229664ba4a9110f65cdecf561a6ffb679b5258df47c6e2aae62d740f36d [none]
[debug] [2022-01-16T04:55:01.082Z] >>> [apiv2][body] POST https://upload-firebasehosting.googleapis.com/upload/sites/leozeron-3f7ae/versions/e98cf4af141792ad/files/ec97d229664ba4a9110f65cdecf561a6ffb679b5258df47c6e2aae62d740f36d [stream]
[debug] [2022-01-16T04:55:01.085Z] >>> [apiv2][query] POST https://upload-firebasehosting.googleapis.com/upload/sites/leozeron-3f7ae/versions/e98cf4af141792ad/files/0dff11ae65bb42b23532c60efc6e46a46d3957be0ffa8cceca5384ac9edcba49 [none]
[debug] [2022-01-16T04:55:01.085Z] >>> [apiv2][body] POST https://upload-firebasehosting.googleapis.com/upload/sites/leozeron-3f7ae/versions/e98cf4af141792ad/files/0dff11ae65bb42b23532c60efc6e46a46d3957be0ffa8cceca5384ac9edcba49 [stream]
[debug] [2022-01-16T04:55:01.090Z] >>> [apiv2][query] POST https://upload-firebasehosting.googleapis.com/upload/sites/leozeron-3f7ae/versions/e98cf4af141792ad/files/201c6f871fb5953c07f9af88a514eb9f1172983ab94ea8a67513d1303a239dc5 [none]
[debug] [2022-01-16T04:55:01.090Z] >>> [apiv2][body] POST https://upload-firebasehosting.googleapis.com/upload/sites/leozeron-3f7ae/versions/e98cf4af141792ad/files/201c6f871fb5953c07f9af88a514eb9f1172983ab94ea8a67513d1303a239dc5 [stream]
[debug] [2022-01-16T04:55:01.094Z] >>> [apiv2][query] POST https://upload-firebasehosting.googleapis.com/upload/sites/leozeron-3f7ae/versions/e98cf4af141792ad/files/dce216517f6c99b7da7ae0614395bff314c83245140272e0d21b2788a60ac1c4 [none]
[debug] [2022-01-16T04:55:01.095Z] >>> [apiv2][body] POST https://upload-firebasehosting.googleapis.com/upload/sites/leozeron-3f7ae/versions/e98cf4af141792ad/files/dce216517f6c99b7da7ae0614395bff314c83245140272e0d21b2788a60ac1c4 [stream]
[debug] [2022-01-16T04:55:01.098Z] >>> [apiv2][query] POST https://upload-firebasehosting.googleapis.com/upload/sites/leozeron-3f7ae/versions/e98cf4af141792ad/files/abcdb89658d736217bb195d8f0f50551638ab7e71b003c316e91682943efda3c [none]
[debug] [2022-01-16T04:55:01.098Z] >>> [apiv2][body] POST https://upload-firebasehosting.googleapis.com/upload/sites/leozeron-3f7ae/versions/e98cf4af141792ad/files/abcdb89658d736217bb195d8f0f50551638ab7e71b003c316e91682943efda3c [stream]
[debug] [2022-01-16T04:55:01.112Z] [hosting][populate queue][FINAL] {"max":1777,"min":1777,"avg":1777,"active":0,"complete":1,"success":1,"errored":0,"retried":0,"total":1,"elapsed":1820}
[debug] [2022-01-16T04:55:01.113Z] [hosting] uploads queued: 8
[debug] [2022-01-16T04:55:31.464Z] [uploadQueue] Retrying task cdd426a9858d6daad29f82791bc02b8557eb823ec2a09761e021b34234240717
[debug] [2022-01-16T04:55:31.466Z] >>> [apiv2][query] POST https://upload-firebasehosting.googleapis.com/upload/sites/leozeron-3f7ae/versions/e98cf4af141792ad/files/cdd426a9858d6daad29f82791bc02b8557eb823ec2a09761e021b34234240717 [none]
[debug] [2022-01-16T04:55:31.466Z] >>> [apiv2][body] POST https://upload-firebasehosting.googleapis.com/upload/sites/leozeron-3f7ae/versions/e98cf4af141792ad/files/cdd426a9858d6daad29f82791bc02b8557eb823ec2a09761e021b34234240717 [stream]
[debug] [2022-01-16T04:55:31.470Z] [uploadQueue] Retrying task dbff18030c3dcf0c8fab24bbde5dd95fa371f33a9c8518147bdf1471e2f97d00
[debug] [2022-01-16T04:55:31.471Z] >>> [apiv2][query] POST https://upload-firebasehosting.googleapis.com/upload/sites/leozeron-3f7ae/versions/e98cf4af141792ad/files/dbff18030c3dcf0c8fab24bbde5dd95fa371f33a9c8518147bdf1471e2f97d00 [none]
[debug] [2022-01-16T04:55:31.471Z] >>> [apiv2][body] POST https://upload-firebasehosting.googleapis.com/upload/sites/leozeron-3f7ae/versions/e98cf4af141792ad/files/dbff18030c3dcf0c8fab24bbde5dd95fa371f33a9c8518147bdf1471e2f97d00 [stream]
[debug] [2022-01-16T04:55:31.474Z] [uploadQueue] Retrying task 4ba940887afe4cd1250719d1c08a757beaaeabce02175f47c43cd0a4cf82f08b
[debug] [2022-01-16T04:55:31.476Z] >>> [apiv2][query] POST https://upload-firebasehosting.googleapis.com/upload/sites/leozeron-3f7ae/versions/e98cf4af141792ad/files/4ba940887afe4cd1250719d1c08a757beaaeabce02175f47c43cd0a4cf82f08b [none]
[debug] [2022-01-16T04:55:31.476Z] >>> [apiv2][body] POST https://upload-firebasehosting.googleapis.com/upload/sites/leozeron-3f7ae/versions/e98cf4af141792ad/files/4ba940887afe4cd1250719d1c08a757beaaeabce02175f47c43cd0a4cf82f08b [stream]
[debug] [2022-01-16T04:55:31.479Z] [uploadQueue] Retrying task 0dff11ae65bb42b23532c60efc6e46a46d3957be0ffa8cceca5384ac9edcba49
[debug] [2022-01-16T04:55:31.480Z] >>> [apiv2][query] POST https://upload-firebasehosting.googleapis.com/upload/sites/leozeron-3f7ae/versions/e98cf4af141792ad/files/0dff11ae65bb42b23532c60efc6e46a46d3957be0ffa8cceca5384ac9edcba49 [none]
[debug] [2022-01-16T04:55:31.481Z] >>> [apiv2][body] POST https://upload-firebasehosting.googleapis.com/upload/sites/leozeron-3f7ae/versions/e98cf4af141792ad/files/0dff11ae65bb42b23532c60efc6e46a46d3957be0ffa8cceca5384ac9edcba49 [stream]
[debug] [2022-01-16T04:55:31.484Z] [uploadQueue] Retrying task 201c6f871fb5953c07f9af88a514eb9f1172983ab94ea8a67513d1303a239dc5
[debug] [2022-01-16T04:55:31.485Z] >>> [apiv2][query] POST https://upload-firebasehosting.googleapis.com/upload/sites/leozeron-3f7ae/versions/e98cf4af141792ad/files/201c6f871fb5953c07f9af88a514eb9f1172983ab94ea8a67513d1303a239dc5 [none]
[debug] [2022-01-16T04:55:31.485Z] >>> [apiv2][body] POST https://upload-firebasehosting.googleapis.com/upload/sites/leozeron-3f7ae/versions/e98cf4af141792ad/files/201c6f871fb5953c07f9af88a514eb9f1172983ab94ea8a67513d1303a239dc5 [stream]
[debug] [2022-01-16T04:55:31.488Z] [uploadQueue] Retrying task dce216517f6c99b7da7ae0614395bff314c83245140272e0d21b2788a60ac1c4
[debug] [2022-01-16T04:55:31.489Z] >>> [apiv2][query] POST https://upload-firebasehosting.googleapis.com/upload/sites/leozeron-3f7ae/versions/e98cf4af141792ad/files/dce216517f6c99b7da7ae0614395bff314c83245140272e0d21b2788a60ac1c4 [none]
[debug] [2022-01-16T04:55:31.489Z] >>> [apiv2][body] POST https://upload-firebasehosting.googleapis.com/upload/sites/leozeron-3f7ae/versions/e98cf4af141792ad/files/dce216517f6c99b7da7ae0614395bff314c83245140272e0d21b2788a60ac1c4 [stream]
[debug] [2022-01-16T04:55:31.492Z] [uploadQueue] Retrying task abcdb89658d736217bb195d8f0f50551638ab7e71b003c316e91682943efda3c
[debug] [2022-01-16T04:55:31.493Z] >>> [apiv2][query] POST https://upload-firebasehosting.googleapis.com/upload/sites/leozeron-3f7ae/versions/e98cf4af141792ad/files/abcdb89658d736217bb195d8f0f50551638ab7e71b003c316e91682943efda3c [none]
[debug] [2022-01-16T04:55:31.493Z] >>> [apiv2][body] POST https://upload-firebasehosting.googleapis.com/upload/sites/leozeron-3f7ae/versions/e98cf4af141792ad/files/abcdb89658d736217bb195d8f0f50551638ab7e71b003c316e91682943efda3c [stream]
[debug] [2022-01-16T04:55:44.131Z] [uploadQueue] Retrying task 4ba940887afe4cd1250719d1c08a757beaaeabce02175f47c43cd0a4cf82f08b
[debug] [2022-01-16T04:55:44.132Z] >>> [apiv2][query] POST https://upload-firebasehosting.googleapis.com/upload/sites/leozeron-3f7ae/versions/e98cf4af141792ad/files/4ba940887afe4cd1250719d1c08a757beaaeabce02175f47c43cd0a4cf82f08b [none]
[debug] [2022-01-16T04:55:44.132Z] >>> [apiv2][body] POST https://upload-firebasehosting.googleapis.com/upload/sites/leozeron-3f7ae/versions/e98cf4af141792ad/files/4ba940887afe4cd1250719d1c08a757beaaeabce02175f47c43cd0a4cf82f08b [stream]
[debug] [2022-01-16T04:56:02.268Z] [uploadQueue] Retrying task cdd426a9858d6daad29f82791bc02b8557eb823ec2a09761e021b34234240717
[debug] [2022-01-16T04:56:02.270Z] >>> [apiv2][query] POST https://upload-firebasehosting.googleapis.com/upload/sites/leozeron-3f7ae/versions/e98cf4af141792ad/files/cdd426a9858d6daad29f82791bc02b8557eb823ec2a09761e021b34234240717 [none]
[debug] [2022-01-16T04:56:02.270Z] >>> [apiv2][body] POST https://upload-firebasehosting.googleapis.com/upload/sites/leozeron-3f7ae/versions/e98cf4af141792ad/files/cdd426a9858d6daad29f82791bc02b8557eb823ec2a09761e021b34234240717 [stream]
[debug] [2022-01-16T04:56:02.275Z] [uploadQueue] Retrying task dbff18030c3dcf0c8fab24bbde5dd95fa371f33a9c8518147bdf1471e2f97d00
[debug] [2022-01-16T04:56:02.277Z] >>> [apiv2][query] POST https://upload-firebasehosting.googleapis.com/upload/sites/leozeron-3f7ae/versions/e98cf4af141792ad/files/dbff18030c3dcf0c8fab24bbde5dd95fa371f33a9c8518147bdf1471e2f97d00 [none]
[debug] [2022-01-16T04:56:02.277Z] >>> [apiv2][body] POST https://upload-firebasehosting.googleapis.com/upload/sites/leozeron-3f7ae/versions/e98cf4af141792ad/files/dbff18030c3dcf0c8fab24bbde5dd95fa371f33a9c8518147bdf1471e2f97d00 [stream]
[debug] [2022-01-16T04:56:02.283Z] [uploadQueue] Retrying task 0dff11ae65bb42b23532c60efc6e46a46d3957be0ffa8cceca5384ac9edcba49
[debug] [2022-01-16T04:56:02.284Z] >>> [apiv2][query] POST https://upload-firebasehosting.googleapis.com/upload/sites/leozeron-3f7ae/versions/e98cf4af141792ad/files/0dff11ae65bb42b23532c60efc6e46a46d3957be0ffa8cceca5384ac9edcba49 [none]
[debug] [2022-01-16T04:56:02.284Z] >>> [apiv2][body] POST https://upload-firebasehosting.googleapis.com/upload/sites/leozeron-3f7ae/versions/e98cf4af141792ad/files/0dff11ae65bb42b23532c60efc6e46a46d3957be0ffa8cceca5384ac9edcba49 [stream]
[debug] [2022-01-16T04:56:02.292Z] [uploadQueue] Retrying task 201c6f871fb5953c07f9af88a514eb9f1172983ab94ea8a67513d1303a239dc5
[debug] [2022-01-16T04:56:02.293Z] >>> [apiv2][query] POST https://upload-firebasehosting.googleapis.com/upload/sites/leozeron-3f7ae/versions/e98cf4af141792ad/files/201c6f871fb5953c07f9af88a514eb9f1172983ab94ea8a67513d1303a239dc5 [none]
[debug] [2022-01-16T04:56:02.293Z] >>> [apiv2][body] POST https://upload-firebasehosting.googleapis.com/upload/sites/leozeron-3f7ae/versions/e98cf4af141792ad/files/201c6f871fb5953c07f9af88a514eb9f1172983ab94ea8a67513d1303a239dc5 [stream]
[debug] [2022-01-16T04:56:02.297Z] [uploadQueue] Retrying task dce216517f6c99b7da7ae0614395bff314c83245140272e0d21b2788a60ac1c4
[debug] [2022-01-16T04:56:02.298Z] >>> [apiv2][query] POST https://upload-firebasehosting.googleapis.com/upload/sites/leozeron-3f7ae/versions/e98cf4af141792ad/files/dce216517f6c99b7da7ae0614395bff314c83245140272e0d21b2788a60ac1c4 [none]
[debug] [2022-01-16T04:56:02.299Z] >>> [apiv2][body] POST https://upload-firebasehosting.googleapis.com/upload/sites/leozeron-3f7ae/versions/e98cf4af141792ad/files/dce216517f6c99b7da7ae0614395bff314c83245140272e0d21b2788a60ac1c4 [stream]
[debug] [2022-01-16T04:56:02.302Z] [uploadQueue] Retrying task abcdb89658d736217bb195d8f0f50551638ab7e71b003c316e91682943efda3c
[debug] [2022-01-16T04:56:02.303Z] >>> [apiv2][query] POST https://upload-firebasehosting.googleapis.com/upload/sites/leozeron-3f7ae/versions/e98cf4af141792ad/files/abcdb89658d736217bb195d8f0f50551638ab7e71b003c316e91682943efda3c [none]
[debug] [2022-01-16T04:56:02.304Z] >>> [apiv2][body] POST https://upload-firebasehosting.googleapis.com/upload/sites/leozeron-3f7ae/versions/e98cf4af141792ad/files/abcdb89658d736217bb195d8f0f50551638ab7e71b003c316e91682943efda3c [stream]
